0 info it worked if it ends with ok
1 verbose cli [ '/usr/local/Cellar/node/7.7.3/bin/node',
1 verbose cli   '/usr/local/bin/npm',
1 verbose cli   'run',
1 verbose cli   'build' ]
2 info using npm@4.1.2
3 info using node@v7.7.3
4 verbose run-script [ 'prebuild', 'build', 'postbuild' ]
5 info lifecycle static@1.0.0~prebuild: static@1.0.0
6 silly lifecycle static@1.0.0~prebuild: no script for prebuild, continuing
7 info lifecycle static@1.0.0~build: static@1.0.0
8 verbose lifecycle static@1.0.0~build: unsafe-perm in lifecycle true
9 verbose lifecycle static@1.0.0~build: PATH: /usr/local/lib/node_modules/npm/bin/node-gyp-bin:/Users/NickJHS/Desktop/McGill_Uni/U3/ECSE456/Plannr/plannr/static/node_modules/.bin:/usr/local/bin:/usr/bin:/bin:/usr/sbin:/sbin:/usr/local/git/bin
10 verbose lifecycle static@1.0.0~build: CWD: /Users/NickJHS/Desktop/McGill_Uni/U3/ECSE456/Plannr/plannr/static
11 silly lifecycle static@1.0.0~build: Args: [ '-c', 'webpack ./src/app.js ./public/bundle.js' ]
12 silly lifecycle static@1.0.0~build: Returned: code: 2  signal: null
13 info lifecycle static@1.0.0~build: Failed to exec build script
14 verbose stack Error: static@1.0.0 build: `webpack ./src/app.js ./public/bundle.js`
14 verbose stack Exit status 2
14 verbose stack     at EventEmitter.<anonymous> (/usr/local/lib/node_modules/npm/lib/utils/lifecycle.js:279:16)
14 verbose stack     at emitTwo (events.js:106:13)
14 verbose stack     at EventEmitter.emit (events.js:194:7)
14 verbose stack     at ChildProcess.<anonymous> (/usr/local/lib/node_modules/npm/lib/utils/spawn.js:40:14)
14 verbose stack     at emitTwo (events.js:106:13)
14 verbose stack     at ChildProcess.emit (events.js:194:7)
14 verbose stack     at maybeClose (internal/child_process.js:899:16)
14 verbose stack     at Process.ChildProcess._handle.onexit (internal/child_process.js:226:5)
15 verbose pkgid static@1.0.0
16 verbose cwd /Users/NickJHS/Desktop/McGill_Uni/U3/ECSE456/Plannr/plannr/static
17 error Darwin 16.6.0
18 error argv "/usr/local/Cellar/node/7.7.3/bin/node" "/usr/local/bin/npm" "run" "build"
19 error node v7.7.3
20 error npm  v4.1.2
21 error code ELIFECYCLE
22 error static@1.0.0 build: `webpack ./src/app.js ./public/bundle.js`
22 error Exit status 2
23 error Failed at the static@1.0.0 build script 'webpack ./src/app.js ./public/bundle.js'.
23 error Make sure you have the latest version of node.js and npm installed.
23 error If you do, this is most likely a problem with the static package,
23 error not with npm itself.
23 error Tell the author that this fails on your system:
23 error     webpack ./src/app.js ./public/bundle.js
23 error You can get information on how to open an issue for this project with:
23 error     npm bugs static
23 error Or if that isn't available, you can get their info via:
23 error     npm owner ls static
23 error There is likely additional logging output above.
24 verbose exit [ 1, true ]
